<?xml version="1.0" encoding="UTF-8" ?>
<testsuite failures="0" time="0.914" errors="0" skipped="0" tests="4" name="eero.chat.ActorTest">
  <properties>
    <property name="java.vendor" value="Sun Microsystems Inc."/>
    <property name="env.SESSION_MANAGER" value="local/eero-laptop:/tmp/.ICE-unix/5999"/>
    <property name="env.LESSOPEN" value="| /usr/bin/lesspipe %s"/>
    <property name="localRepository" value="/home/eero/.m2/repository"/>
    <property name="sun.java.launcher" value="SUN_STANDARD"/>
    <property name="env.QT_IM_MODULE" value="xim"/>
    <property name="sun.management.compiler" value="HotSpot Tiered Compilers"/>
    <property name="os.name" value="Linux"/>
    <property name="sun.boot.class.path" value="/usr/lib/jvm/java-6-sun-1.6.0.10/jre/lib/resources.jar:/usr/lib/jvm/java-6-sun-1.6.0.10/jre/lib/rt.jar:/usr/lib/jvm/java-6-sun-1.6.0.10/jre/lib/sunrsasign.jar:/usr/lib/jvm/java-6-sun-1.6.0.10/jre/lib/jsse.jar:/usr/lib/jvm/java-6-sun-1.6.0.10/jre/lib/jce.jar:/usr/lib/jvm/java-6-sun-1.6.0.10/jre/lib/charsets.jar:/usr/lib/jvm/java-6-sun-1.6.0.10/jre/classes"/>
    <property name="env.PWD" value="/home/eero/workspace/chat"/>
    <property name="env.XDG_SESSION_COOKIE" value="0500d662b6d82ff3d57418f94903168c-1248339617.184944-1235849155"/>
    <property name="sun.desktop" value="gnome"/>
    <property name="env.LANG" value="en_US.UTF-8"/>
    <property name="java.vm.specification.vendor" value="Sun Microsystems Inc."/>
    <property name="java.runtime.version" value="1.6.0_10-b33"/>
    <property name="env.GTK_IM_MODULE" value="scim-bridge"/>
    <property name="env.DISPLAY" value=":0.0"/>
    <property name="user.name" value="eero"/>
    <property name="env._" value="/usr/bin/mvn"/>
    <property name="env.USER" value="eero"/>
    <property name="env.HISTCONTROL" value="ignoreboth"/>
    <property name="env.SHELL" value="/bin/bash"/>
    <property name="env.DESKTOP_SESSION" value="default"/>
    <property name="env.XDG_DATA_DIRS" value="/usr/local/share/:/usr/share/:/usr/share/gdm/"/>
    <property name="env.NLSPATH" value="/usr/dt/lib/nls/msg/%L/%N.cat"/>
    <property name="env.PATH" value="/usr/local/sbin:/usr/local/bin:/usr/sbin:/usr/bin:/sbin:/bin:/usr/games"/>
    <property name="user.language" value="en"/>
    <property name="sun.boot.library.path" value="/usr/lib/jvm/java-6-sun-1.6.0.10/jre/lib/i386"/>
    <property name="classworlds.conf" value="/usr/share/maven2/bin/m2.conf"/>
    <property name="java.version" value="1.6.0_10"/>
    <property name="user.timezone" value="Europe/Mariehamn"/>
    <property name="env.DBUS_SESSION_BUS_ADDRESS" value="unix:abstract=/tmp/dbus-mOoKJ4HtOJ,guid=8a137438d3d71a587121fd904a6826a3"/>
    <property name="sun.arch.data.model" value="32"/>
    <property name="java.endorsed.dirs" value="/usr/lib/jvm/java-6-sun-1.6.0.10/jre/lib/endorsed"/>
    <property name="sun.cpu.isalist" value=""/>
    <property name="sun.jnu.encoding" value="UTF-8"/>
    <property name="file.encoding.pkg" value="sun.io"/>
    <property name="env.SHLVL" value="1"/>
    <property name="file.separator" value="/"/>
    <property name="java.specification.name" value="Java Platform API Specification"/>
    <property name="env.GNOME_DESKTOP_SESSION_ID" value="this-is-deprecated"/>
    <property name="java.class.version" value="50.0"/>
    <property name="env.GDMSESSION" value="default"/>
    <property name="user.country" value="US"/>
    <property name="env.GNOME_KEYRING_PID" value="5988"/>
    <property name="java.home" value="/usr/lib/jvm/java-6-sun-1.6.0.10/jre"/>
    <property name="java.vm.info" value="mixed mode"/>
    <property name="env.LOGNAME" value="eero"/>
    <property name="os.version" value="2.6.27-14-generic"/>
    <property name="path.separator" value=":"/>
    <property name="java.vm.version" value="11.0-b15"/>
    <property name="java.awt.printerjob" value="sun.print.PSPrinterJob"/>
    <property name="env.TERM" value="xterm"/>
    <property name="env.WINDOWPATH" value="7"/>
    <property name="sun.io.unicode.encoding" value="UnicodeLittle"/>
    <property name="env.XMODIFIERS" value="@im=SCIM"/>
    <property name="env.GDM_LANG" value="en_US.UTF-8"/>
    <property name="user.home" value="/home/eero"/>
    <property name="env.OLDPWD" value="/home/eero/workspace/chat/src"/>
    <property name="java.specification.vendor" value="Sun Microsystems Inc."/>
    <property name="env.WINDOWID" value="65012426"/>
    <property name="java.library.path" value="/usr/lib/jvm/java-6-sun-1.6.0.10/jre/lib/i386/server:/usr/lib/jvm/java-6-sun-1.6.0.10/jre/lib/i386:/usr/lib/jvm/java-6-sun-1.6.0.10/jre/../lib/i386:/usr/java/packages/lib/i386:/lib:/usr/lib"/>
    <property name="java.vendor.url" value="http://java.sun.com/"/>
    <property name="env.GDM_XSERVER_LOCATION" value="local"/>
    <property name="java.vm.vendor" value="Sun Microsystems Inc."/>
    <property name="maven.home" value="/usr/share/maven2"/>
    <property name="java.runtime.name" value="Java(TM) SE Runtime Environment"/>
    <property name="java.class.path" value="/usr/share/maven2/boot/classworlds.jar"/>
    <property name="env.XFILESEARCHPATH" value="/usr/dt/app-defaults/%L/Dt"/>
    <property name="java.vm.specification.name" value="Java Virtual Machine Specification"/>
    <property name="java.vm.specification.version" value="1.0"/>
    <property name="sun.os.patch.level" value="unknown"/>
    <property name="sun.cpu.endian" value="little"/>
    <property name="env.GTK_RC_FILES" value="/etc/gtk/gtkrc:/home/eero/.gtkrc-1.2-gnome2"/>
    <property name="env.HOME" value="/home/eero"/>
    <property name="surefire.test.class.path" value="/home/eero/workspace/chat/target/test-classes:/home/eero/workspace/chat/target/classes:/home/eero/.m2/repository/org/scala-lang/scala-library/2.7.5/scala-library-2.7.5.jar:/home/eero/.m2/repository/net/liftweb/lift-core/1.1-M3/lift-core-1.1-M3.jar:/home/eero/.m2/repository/net/liftweb/lift-util/1.1-M3/lift-util-1.1-M3.jar:/home/eero/.m2/repository/log4j/log4j/1.2.14/log4j-1.2.14.jar:/home/eero/.m2/repository/javax/mail/mail/1.4/mail-1.4.jar:/home/eero/.m2/repository/javax/activation/activation/1.1/activation-1.1.jar:/home/eero/.m2/repository/commons-httpclient/commons-httpclient/3.1/commons-httpclient-3.1.jar:/home/eero/.m2/repository/commons-logging/commons-logging/1.0.4/commons-logging-1.0.4.jar:/home/eero/.m2/repository/commons-codec/commons-codec/1.3/commons-codec-1.3.jar:/home/eero/.m2/repository/commons-fileupload/commons-fileupload/1.2.1/commons-fileupload-1.2.1.jar:/home/eero/.m2/repository/commons-collections/commons-collections/3.2.1/commons-collections-3.2.1.jar:/home/eero/.m2/repository/net/liftweb/lift-webkit/1.1-M3/lift-webkit-1.1-M3.jar:/home/eero/.m2/repository/net/liftweb/lift-actor/1.1-M3/lift-actor-1.1-M3.jar:/home/eero/.m2/repository/net/liftweb/lift-mapper/1.1-M3/lift-mapper-1.1-M3.jar:/home/eero/.m2/repository/net/liftweb/lift-widgets/1.1-M3/lift-widgets-1.1-M3.jar:/home/eero/.m2/repository/net/liftweb/lift-machine/1.1-M3/lift-machine-1.1-M3.jar:/home/eero/.m2/repository/net/liftweb/lift-record/1.1-M3/lift-record-1.1-M3.jar:/home/eero/.m2/repository/net/liftweb/lift-textile/1.1-M3/lift-textile-1.1-M3.jar:/home/eero/.m2/repository/net/liftweb/lift-facebook/1.1-M3/lift-facebook-1.1-M3.jar:/home/eero/.m2/repository/net/liftweb/lift-amqp/1.1-M3/lift-amqp-1.1-M3.jar:/home/eero/.m2/repository/com/rabbitmq/rabbitmq-client/1.3.0/rabbitmq-client-1.3.0.jar:/home/eero/.m2/repository/commons-cli/commons-cli/1.1/commons-cli-1.1.jar:/home/eero/.m2/repository/commons-io/commons-io/1.2/commons-io-1.2.jar:/home/eero/.m2/repository/junit/junit/4.5/junit-4.5.jar:/home/eero/.m2/repository/net/liftweb/lift-xmpp/1.1-M3/lift-xmpp-1.1-M3.jar:/home/eero/.m2/repository/org/igniterealtime/smack/smack/3.1.0/smack-3.1.0.jar:/home/eero/.m2/repository/org/igniterealtime/smack/smackx/3.1.0/smackx-3.1.0.jar:/home/eero/.m2/repository/org/apache/derby/derby/10.4.2.0/derby-10.4.2.0.jar:/home/eero/.m2/repository/javax/servlet/servlet-api/2.5/servlet-api-2.5.jar:/home/eero/.m2/repository/org/mortbay/jetty/jetty/6.1.19/jetty-6.1.19.jar:/home/eero/.m2/repository/org/mortbay/jetty/jetty-util/6.1.19/jetty-util-6.1.19.jar:/home/eero/.m2/repository/org/mortbay/jetty/servlet-api/2.5-20081211/servlet-api-2.5-20081211.jar:/home/eero/.m2/repository/org/scala-lang/scala-compiler/2.7.5/scala-compiler-2.7.5.jar:"/>
    <property name="java.io.tmpdir" value="/tmp"/>
    <property name="env.LD_LIBRARY_PATH" value="/usr/lib/jvm/java-6-sun-1.6.0.10/jre/lib/i386/server:/usr/lib/jvm/java-6-sun-1.6.0.10/jre/lib/i386:/usr/lib/jvm/java-6-sun-1.6.0.10/jre/../lib/i386"/>
    <property name="env.LS_COLORS" value="no=00:fi=00:di=01;34:ln=01;36:pi=40;33:so=01;35:do=01;35:bd=40;33;01:cd=40;33;01:or=40;31;01:su=37;41:sg=30;43:tw=30;42:ow=34;42:st=37;44:ex=01;32:*.tar=01;31:*.tgz=01;31:*.svgz=01;31:*.arj=01;31:*.taz=01;31:*.lzh=01;31:*.lzma=01;31:*.zip=01;31:*.z=01;31:*.Z=01;31:*.dz=01;31:*.gz=01;31:*.bz2=01;31:*.bz=01;31:*.tbz2=01;31:*.tz=01;31:*.deb=01;31:*.rpm=01;31:*.jar=01;31:*.rar=01;31:*.ace=01;31:*.zoo=01;31:*.cpio=01;31:*.7z=01;31:*.rz=01;31:*.jpg=01;35:*.jpeg=01;35:*.gif=01;35:*.bmp=01;35:*.pbm=01;35:*.pgm=01;35:*.ppm=01;35:*.tga=01;35:*.xbm=01;35:*.xpm=01;35:*.tif=01;35:*.tiff=01;35:*.png=01;35:*.svg=01;35:*.mng=01;35:*.pcx=01;35:*.mov=01;35:*.mpg=01;35:*.mpeg=01;35:*.m2v=01;35:*.mkv=01;35:*.ogm=01;35:*.mp4=01;35:*.m4v=01;35:*.mp4v=01;35:*.vob=01;35:*.qt=01;35:*.nuv=01;35:*.wmv=01;35:*.asf=01;35:*.rm=01;35:*.rmvb=01;35:*.flc=01;35:*.avi=01;35:*.fli=01;35:*.gl=01;35:*.dl=01;35:*.xcf=01;35:*.xwd=01;35:*.yuv=01;35:*.aac=00;36:*.au=00;36:*.flac=00;36:*.mid=00;36:*.midi=00;36:*.mka=00;36:*.mp3=00;36:*.mpc=00;36:*.ogg=00;36:*.ra=00;36:*.wav=00;36:"/>
    <property name="java.vendor.url.bug" value="http://java.sun.com/cgi-bin/bugreport.cgi"/>
    <property name="env.SSH_AUTH_SOCK" value="/tmp/keyring-bz6RKj/ssh"/>
    <property name="java.awt.graphicsenv" value="sun.awt.X11GraphicsEnvironment"/>
    <property name="os.arch" value="i386"/>
    <property name="java.ext.dirs" value="/usr/lib/jvm/java-6-sun-1.6.0.10/jre/lib/ext:/usr/java/packages/lib/ext"/>
    <property name="user.dir" value="/home/eero/workspace/chat"/>
    <property name="env.XAUTHORITY" value="/home/eero/.Xauthority"/>
    <property name="line.separator" value="
"/>
    <property name="java.vm.name" value="Java HotSpot(TM) Server VM"/>
    <property name="env.COLORTERM" value="gnome-terminal"/>
    <property name="basedir" value="/home/eero/workspace/chat"/>
    <property name="env.ORBIT_SOCKETDIR" value="/tmp/orbit-eero"/>
    <property name="env.USERNAME" value="eero"/>
    <property name="file.encoding" value="UTF-8"/>
    <property name="env.GNOME_KEYRING_SOCKET" value="/tmp/keyring-bz6RKj/socket"/>
    <property name="env.GPG_AGENT_INFO" value="/tmp/seahorse-bPHytS/S.gpg-agent:6104:1"/>
    <property name="java.specification.version" value="1.6"/>
    <property name="env.LESSCLOSE" value="/usr/bin/lesspipe %s %s"/>
  </properties>
  <testcase time="0.302" classname="eero.chat.ActorTest" name="testLeaveRoom"/>
  <testcase time="0.204" classname="eero.chat.ActorTest" name="testTwoUsers"/>
  <testcase time="0.202" classname="eero.chat.ActorTest" name="testOneUserJoinAndSend"/>
  <testcase time="0.203" classname="eero.chat.ActorTest" name="testSendToWrongRoom"/>
</testsuite>